<?xml version="1.0" encoding="UTF-8"?>
<testsuite xmlns:xsi="http://www.w3.org/2001/XMLSchema-instance" xsi:noNamespaceSchemaLocation="https://maven.apache.org/surefire/maven-surefire-plugin/xsd/surefire-test-report-3.0.xsd" version="3.0" name="TestSuite" time="278.839" tests="9" errors="0" skipped="0" failures="2">
  <properties>
    <property name="sun.desktop" value="gnome"/>
    <property name="awt.toolkit" value="sun.awt.X11.XToolkit"/>
    <property name="file.encoding.pkg" value="sun.io"/>
    <property name="java.specification.version" value="1.8"/>
    <property name="webdriver.chrome.driver" value="/home/COMPASSITES/ce1094/.m2/repository/webdriver/chromedriver/linux64/2.40/chromedriver"/>
    <property name="sun.cpu.isalist" value=""/>
    <property name="sun.jnu.encoding" value="UTF-8"/>
    <property name="java.class.path" value="/home/COMPASSITES/ce1094/eclipse-workspace/TestWebsite/target/test-classes:/home/COMPASSITES/ce1094/eclipse-workspace/TestWebsite/target/classes:/home/COMPASSITES/ce1094/.m2/repository/io/github/bonigarcia/webdrivermanager/3.7.1/webdrivermanager-3.7.1.jar:/home/COMPASSITES/ce1094/.m2/repository/org/slf4j/slf4j-api/1.7.25/slf4j-api-1.7.25.jar:/home/COMPASSITES/ce1094/.m2/repository/commons-io/commons-io/2.6/commons-io-2.6.jar:/home/COMPASSITES/ce1094/.m2/repository/com/google/code/gson/gson/2.8.5/gson-2.8.5.jar:/home/COMPASSITES/ce1094/.m2/repository/org/apache/commons/commons-lang3/3.8.1/commons-lang3-3.8.1.jar:/home/COMPASSITES/ce1094/.m2/repository/org/apache/httpcomponents/httpclient/4.5.6/httpclient-4.5.6.jar:/home/COMPASSITES/ce1094/.m2/repository/org/apache/httpcomponents/httpcore/4.4.10/httpcore-4.4.10.jar:/home/COMPASSITES/ce1094/.m2/repository/commons-logging/commons-logging/1.2/commons-logging-1.2.jar:/home/COMPASSITES/ce1094/.m2/repository/org/rauschig/jarchivelib/1.0.0/jarchivelib-1.0.0.jar:/home/COMPASSITES/ce1094/.m2/repository/org/apache/commons/commons-compress/1.18/commons-compress-1.18.jar:/home/COMPASSITES/ce1094/.m2/repository/org/jsoup/jsoup/1.11.3/jsoup-1.11.3.jar:/home/COMPASSITES/ce1094/.m2/repository/org/testng/testng/7.0.0/testng-7.0.0.jar:/home/COMPASSITES/ce1094/.m2/repository/com/beust/jcommander/1.72/jcommander-1.72.jar:/home/COMPASSITES/ce1094/.m2/repository/org/seleniumhq/selenium/selenium-server/3.141.59/selenium-server-3.141.59.jar:/home/COMPASSITES/ce1094/.m2/repository/org/seleniumhq/selenium/selenium-java/3.141.59/selenium-java-3.141.59.jar:/home/COMPASSITES/ce1094/.m2/repository/org/seleniumhq/selenium/selenium-api/3.141.59/selenium-api-3.141.59.jar:/home/COMPASSITES/ce1094/.m2/repository/org/seleniumhq/selenium/selenium-chrome-driver/3.141.59/selenium-chrome-driver-3.141.59.jar:/home/COMPASSITES/ce1094/.m2/repository/org/seleniumhq/selenium/selenium-edge-driver/3.141.59/selenium-edge-driver-3.141.59.jar:/home/COMPASSITES/ce1094/.m2/repository/org/seleniumhq/selenium/selenium-firefox-driver/3.141.59/selenium-firefox-driver-3.141.59.jar:/home/COMPASSITES/ce1094/.m2/repository/org/seleniumhq/selenium/selenium-ie-driver/3.141.59/selenium-ie-driver-3.141.59.jar:/home/COMPASSITES/ce1094/.m2/repository/org/seleniumhq/selenium/selenium-opera-driver/3.141.59/selenium-opera-driver-3.141.59.jar:/home/COMPASSITES/ce1094/.m2/repository/org/seleniumhq/selenium/selenium-remote-driver/3.141.59/selenium-remote-driver-3.141.59.jar:/home/COMPASSITES/ce1094/.m2/repository/org/seleniumhq/selenium/selenium-safari-driver/3.141.59/selenium-safari-driver-3.141.59.jar:/home/COMPASSITES/ce1094/.m2/repository/org/seleniumhq/selenium/selenium-support/3.141.59/selenium-support-3.141.59.jar:/home/COMPASSITES/ce1094/.m2/repository/net/bytebuddy/byte-buddy/1.8.15/byte-buddy-1.8.15.jar:/home/COMPASSITES/ce1094/.m2/repository/org/apache/commons/commons-exec/1.3/commons-exec-1.3.jar:/home/COMPASSITES/ce1094/.m2/repository/com/google/guava/guava/25.0-jre/guava-25.0-jre.jar:/home/COMPASSITES/ce1094/.m2/repository/com/google/code/findbugs/jsr305/1.3.9/jsr305-1.3.9.jar:/home/COMPASSITES/ce1094/.m2/repository/org/checkerframework/checker-compat-qual/2.0.0/checker-compat-qual-2.0.0.jar:/home/COMPASSITES/ce1094/.m2/repository/com/google/errorprone/error_prone_annotations/2.1.3/error_prone_annotations-2.1.3.jar:/home/COMPASSITES/ce1094/.m2/repository/com/google/j2objc/j2objc-annotations/1.1/j2objc-annotations-1.1.jar:/home/COMPASSITES/ce1094/.m2/repository/org/codehaus/mojo/animal-sniffer-annotations/1.14/animal-sniffer-annotations-1.14.jar:/home/COMPASSITES/ce1094/.m2/repository/net/jcip/jcip-annotations/1.0/jcip-annotations-1.0.jar:/home/COMPASSITES/ce1094/.m2/repository/org/seleniumhq/selenium/jetty-repacked/9.4.12.v20180830/jetty-repacked-9.4.12.v20180830.jar:/home/COMPASSITES/ce1094/.m2/repository/com/squareup/okhttp3/okhttp/3.11.0/okhttp-3.11.0.jar:/home/COMPASSITES/ce1094/.m2/repository/com/squareup/okio/okio/1.14.0/okio-1.14.0.jar:/home/COMPASSITES/ce1094/.m2/repository/javax/servlet/javax.servlet-api/3.1.0/javax.servlet-api-3.1.0.jar:/home/COMPASSITES/ce1094/.m2/repository/org/yaml/snakeyaml/1.19/snakeyaml-1.19.jar:/home/COMPASSITES/ce1094/.m2/repository/io/rest-assured/rest-assured/3.0.0/rest-assured-3.0.0.jar:/home/COMPASSITES/ce1094/.m2/repository/org/codehaus/groovy/groovy/2.4.6/groovy-2.4.6.jar:/home/COMPASSITES/ce1094/.m2/repository/org/codehaus/groovy/groovy-xml/2.4.6/groovy-xml-2.4.6.jar:/home/COMPASSITES/ce1094/.m2/repository/org/apache/httpcomponents/httpmime/4.5.1/httpmime-4.5.1.jar:/home/COMPASSITES/ce1094/.m2/repository/org/hamcrest/hamcrest-core/1.3/hamcrest-core-1.3.jar:/home/COMPASSITES/ce1094/.m2/repository/org/hamcrest/hamcrest-library/1.3/hamcrest-library-1.3.jar:/home/COMPASSITES/ce1094/.m2/repository/org/ccil/cowan/tagsoup/tagsoup/1.2.1/tagsoup-1.2.1.jar:/home/COMPASSITES/ce1094/.m2/repository/com/googlecode/json-simple/json-simple/1.1.1/json-simple-1.1.1.jar:/home/COMPASSITES/ce1094/.m2/repository/junit/junit/4.10/junit-4.10.jar:/home/COMPASSITES/ce1094/.m2/repository/io/rest-assured/json-path/3.1.0/json-path-3.1.0.jar:/home/COMPASSITES/ce1094/.m2/repository/org/codehaus/groovy/groovy-json/2.4.12/groovy-json-2.4.12.jar:/home/COMPASSITES/ce1094/.m2/repository/io/rest-assured/rest-assured-common/3.1.0/rest-assured-common-3.1.0.jar:/home/COMPASSITES/ce1094/.m2/repository/io/rest-assured/xml-path/3.1.0/xml-path-3.1.0.jar:/home/COMPASSITES/ce1094/.m2/repository/javax/xml/bind/jaxb-api/2.2.12/jaxb-api-2.2.12.jar:/home/COMPASSITES/ce1094/.m2/repository/io/rest-assured/json-schema-validator/3.1.0/json-schema-validator-3.1.0.jar:/home/COMPASSITES/ce1094/.m2/repository/com/github/fge/json-schema-validator/2.2.6/json-schema-validator-2.2.6.jar:/home/COMPASSITES/ce1094/.m2/repository/joda-time/joda-time/2.3/joda-time-2.3.jar:/home/COMPASSITES/ce1094/.m2/repository/com/googlecode/libphonenumber/libphonenumber/6.2/libphonenumber-6.2.jar:/home/COMPASSITES/ce1094/.m2/repository/com/github/fge/json-schema-core/1.2.5/json-schema-core-1.2.5.jar:/home/COMPASSITES/ce1094/.m2/repository/com/github/fge/uri-template/0.9/uri-template-0.9.jar:/home/COMPASSITES/ce1094/.m2/repository/com/github/fge/msg-simple/1.1/msg-simple-1.1.jar:/home/COMPASSITES/ce1094/.m2/repository/com/github/fge/btf/1.2/btf-1.2.jar:/home/COMPASSITES/ce1094/.m2/repository/com/github/fge/jackson-coreutils/1.8/jackson-coreutils-1.8.jar:/home/COMPASSITES/ce1094/.m2/repository/org/mozilla/rhino/1.7R4/rhino-1.7R4.jar:/home/COMPASSITES/ce1094/.m2/repository/javax/mail/mailapi/1.4.3/mailapi-1.4.3.jar:/home/COMPASSITES/ce1094/.m2/repository/javax/activation/activation/1.1/activation-1.1.jar:/home/COMPASSITES/ce1094/.m2/repository/net/sf/jopt-simple/jopt-simple/4.6/jopt-simple-4.6.jar:/home/COMPASSITES/ce1094/.m2/repository/org/apache/poi/poi/3.16/poi-3.16.jar:/home/COMPASSITES/ce1094/.m2/repository/commons-codec/commons-codec/1.10/commons-codec-1.10.jar:/home/COMPASSITES/ce1094/.m2/repository/org/apache/commons/commons-collections4/4.1/commons-collections4-4.1.jar:/home/COMPASSITES/ce1094/.m2/repository/org/apache/poi/poi-ooxml/3.16/poi-ooxml-3.16.jar:/home/COMPASSITES/ce1094/.m2/repository/org/apache/poi/poi-ooxml-schemas/3.16/poi-ooxml-schemas-3.16.jar:/home/COMPASSITES/ce1094/.m2/repository/org/apache/xmlbeans/xmlbeans/2.6.0/xmlbeans-2.6.0.jar:/home/COMPASSITES/ce1094/.m2/repository/stax/stax-api/1.0.1/stax-api-1.0.1.jar:/home/COMPASSITES/ce1094/.m2/repository/com/github/virtuald/curvesapi/1.04/curvesapi-1.04.jar:/home/COMPASSITES/ce1094/.m2/repository/com/fasterxml/jackson/core/jackson-databind/2.10.0/jackson-databind-2.10.0.jar:/home/COMPASSITES/ce1094/.m2/repository/com/fasterxml/jackson/core/jackson-annotations/2.10.0/jackson-annotations-2.10.0.jar:/home/COMPASSITES/ce1094/.m2/repository/com/fasterxml/jackson/core/jackson-core/2.10.0/jackson-core-2.10.0.jar:/home/COMPASSITES/ce1094/.m2/repository/com/aventstack/extentreports/3.1.5/extentreports-3.1.5.jar:/home/COMPASSITES/ce1094/.m2/repository/org/freemarker/freemarker/2.3.23/freemarker-2.3.23.jar:/home/COMPASSITES/ce1094/.m2/repository/org/mongodb/mongodb-driver/3.3.0/mongodb-driver-3.3.0.jar:/home/COMPASSITES/ce1094/.m2/repository/org/mongodb/bson/3.3.0/bson-3.3.0.jar:/home/COMPASSITES/ce1094/.m2/repository/org/mongodb/mongodb-driver-core/3.3.0/mongodb-driver-core-3.3.0.jar:/home/COMPASSITES/ce1094/.m2/repository/com/google/inject/extensions/guice-assistedinject/4.2.0/guice-assistedinject-4.2.0.jar:/home/COMPASSITES/ce1094/.m2/repository/com/google/inject/guice/4.2.0/guice-4.2.0.jar:/home/COMPASSITES/ce1094/.m2/repository/javax/inject/javax.inject/1/javax.inject-1.jar:/home/COMPASSITES/ce1094/.m2/repository/aopalliance/aopalliance/1.0/aopalliance-1.0.jar:/home/COMPASSITES/ce1094/.m2/repository/mysql/mysql-connector-java/8.0.15/mysql-connector-java-8.0.15.jar:/home/COMPASSITES/ce1094/.m2/repository/com/google/protobuf/protobuf-java/3.6.1/protobuf-java-3.6.1.jar:"/>
    <property name="java.vm.vendor" value="Private Build"/>
    <property name="sun.arch.data.model" value="64"/>
    <property name="java.vendor.url" value="http://java.oracle.com/"/>
    <property name="user.timezone" value="Asia/Kolkata"/>
    <property name="java.vm.specification.version" value="1.8"/>
    <property name="os.name" value="Linux"/>
    <property name="user.country" value="IN"/>
    <property name="sun.java.launcher" value="SUN_STANDARD"/>
    <property name="sun.boot.library.path" value="/usr/lib/jvm/java-8-openjdk-amd64/jre/lib/amd64"/>
    <property name="sun.java.command" value="/home/COMPASSITES/ce1094/eclipse-workspace/TestWebsite/target/surefire/surefirebooter4641687711152186358.jar /home/COMPASSITES/ce1094/eclipse-workspace/TestWebsite/target/surefire 2020-05-07T12-39-23_400-jvmRun1 surefire3198596609624984424tmp surefire_06023983486764592023tmp"/>
    <property name="surefire.test.class.path" value="/home/COMPASSITES/ce1094/eclipse-workspace/TestWebsite/target/test-classes:/home/COMPASSITES/ce1094/eclipse-workspace/TestWebsite/target/classes:/home/COMPASSITES/ce1094/.m2/repository/io/github/bonigarcia/webdrivermanager/3.7.1/webdrivermanager-3.7.1.jar:/home/COMPASSITES/ce1094/.m2/repository/org/slf4j/slf4j-api/1.7.25/slf4j-api-1.7.25.jar:/home/COMPASSITES/ce1094/.m2/repository/commons-io/commons-io/2.6/commons-io-2.6.jar:/home/COMPASSITES/ce1094/.m2/repository/com/google/code/gson/gson/2.8.5/gson-2.8.5.jar:/home/COMPASSITES/ce1094/.m2/repository/org/apache/commons/commons-lang3/3.8.1/commons-lang3-3.8.1.jar:/home/COMPASSITES/ce1094/.m2/repository/org/apache/httpcomponents/httpclient/4.5.6/httpclient-4.5.6.jar:/home/COMPASSITES/ce1094/.m2/repository/org/apache/httpcomponents/httpcore/4.4.10/httpcore-4.4.10.jar:/home/COMPASSITES/ce1094/.m2/repository/commons-logging/commons-logging/1.2/commons-logging-1.2.jar:/home/COMPASSITES/ce1094/.m2/repository/org/rauschig/jarchivelib/1.0.0/jarchivelib-1.0.0.jar:/home/COMPASSITES/ce1094/.m2/repository/org/apache/commons/commons-compress/1.18/commons-compress-1.18.jar:/home/COMPASSITES/ce1094/.m2/repository/org/jsoup/jsoup/1.11.3/jsoup-1.11.3.jar:/home/COMPASSITES/ce1094/.m2/repository/org/testng/testng/7.0.0/testng-7.0.0.jar:/home/COMPASSITES/ce1094/.m2/repository/com/beust/jcommander/1.72/jcommander-1.72.jar:/home/COMPASSITES/ce1094/.m2/repository/org/seleniumhq/selenium/selenium-server/3.141.59/selenium-server-3.141.59.jar:/home/COMPASSITES/ce1094/.m2/repository/org/seleniumhq/selenium/selenium-java/3.141.59/selenium-java-3.141.59.jar:/home/COMPASSITES/ce1094/.m2/repository/org/seleniumhq/selenium/selenium-api/3.141.59/selenium-api-3.141.59.jar:/home/COMPASSITES/ce1094/.m2/repository/org/seleniumhq/selenium/selenium-chrome-driver/3.141.59/selenium-chrome-driver-3.141.59.jar:/home/COMPASSITES/ce1094/.m2/repository/org/seleniumhq/selenium/selenium-edge-driver/3.141.59/selenium-edge-driver-3.141.59.jar:/home/COMPASSITES/ce1094/.m2/repository/org/seleniumhq/selenium/selenium-firefox-driver/3.141.59/selenium-firefox-driver-3.141.59.jar:/home/COMPASSITES/ce1094/.m2/repository/org/seleniumhq/selenium/selenium-ie-driver/3.141.59/selenium-ie-driver-3.141.59.jar:/home/COMPASSITES/ce1094/.m2/repository/org/seleniumhq/selenium/selenium-opera-driver/3.141.59/selenium-opera-driver-3.141.59.jar:/home/COMPASSITES/ce1094/.m2/repository/org/seleniumhq/selenium/selenium-remote-driver/3.141.59/selenium-remote-driver-3.141.59.jar:/home/COMPASSITES/ce1094/.m2/repository/org/seleniumhq/selenium/selenium-safari-driver/3.141.59/selenium-safari-driver-3.141.59.jar:/home/COMPASSITES/ce1094/.m2/repository/org/seleniumhq/selenium/selenium-support/3.141.59/selenium-support-3.141.59.jar:/home/COMPASSITES/ce1094/.m2/repository/net/bytebuddy/byte-buddy/1.8.15/byte-buddy-1.8.15.jar:/home/COMPASSITES/ce1094/.m2/repository/org/apache/commons/commons-exec/1.3/commons-exec-1.3.jar:/home/COMPASSITES/ce1094/.m2/repository/com/google/guava/guava/25.0-jre/guava-25.0-jre.jar:/home/COMPASSITES/ce1094/.m2/repository/com/google/code/findbugs/jsr305/1.3.9/jsr305-1.3.9.jar:/home/COMPASSITES/ce1094/.m2/repository/org/checkerframework/checker-compat-qual/2.0.0/checker-compat-qual-2.0.0.jar:/home/COMPASSITES/ce1094/.m2/repository/com/google/errorprone/error_prone_annotations/2.1.3/error_prone_annotations-2.1.3.jar:/home/COMPASSITES/ce1094/.m2/repository/com/google/j2objc/j2objc-annotations/1.1/j2objc-annotations-1.1.jar:/home/COMPASSITES/ce1094/.m2/repository/org/codehaus/mojo/animal-sniffer-annotations/1.14/animal-sniffer-annotations-1.14.jar:/home/COMPASSITES/ce1094/.m2/repository/net/jcip/jcip-annotations/1.0/jcip-annotations-1.0.jar:/home/COMPASSITES/ce1094/.m2/repository/org/seleniumhq/selenium/jetty-repacked/9.4.12.v20180830/jetty-repacked-9.4.12.v20180830.jar:/home/COMPASSITES/ce1094/.m2/repository/com/squareup/okhttp3/okhttp/3.11.0/okhttp-3.11.0.jar:/home/COMPASSITES/ce1094/.m2/repository/com/squareup/okio/okio/1.14.0/okio-1.14.0.jar:/home/COMPASSITES/ce1094/.m2/repository/javax/servlet/javax.servlet-api/3.1.0/javax.servlet-api-3.1.0.jar:/home/COMPASSITES/ce1094/.m2/repository/org/yaml/snakeyaml/1.19/snakeyaml-1.19.jar:/home/COMPASSITES/ce1094/.m2/repository/io/rest-assured/rest-assured/3.0.0/rest-assured-3.0.0.jar:/home/COMPASSITES/ce1094/.m2/repository/org/codehaus/groovy/groovy/2.4.6/groovy-2.4.6.jar:/home/COMPASSITES/ce1094/.m2/repository/org/codehaus/groovy/groovy-xml/2.4.6/groovy-xml-2.4.6.jar:/home/COMPASSITES/ce1094/.m2/repository/org/apache/httpcomponents/httpmime/4.5.1/httpmime-4.5.1.jar:/home/COMPASSITES/ce1094/.m2/repository/org/hamcrest/hamcrest-core/1.3/hamcrest-core-1.3.jar:/home/COMPASSITES/ce1094/.m2/repository/org/hamcrest/hamcrest-library/1.3/hamcrest-library-1.3.jar:/home/COMPASSITES/ce1094/.m2/repository/org/ccil/cowan/tagsoup/tagsoup/1.2.1/tagsoup-1.2.1.jar:/home/COMPASSITES/ce1094/.m2/repository/com/googlecode/json-simple/json-simple/1.1.1/json-simple-1.1.1.jar:/home/COMPASSITES/ce1094/.m2/repository/junit/junit/4.10/junit-4.10.jar:/home/COMPASSITES/ce1094/.m2/repository/io/rest-assured/json-path/3.1.0/json-path-3.1.0.jar:/home/COMPASSITES/ce1094/.m2/repository/org/codehaus/groovy/groovy-json/2.4.12/groovy-json-2.4.12.jar:/home/COMPASSITES/ce1094/.m2/repository/io/rest-assured/rest-assured-common/3.1.0/rest-assured-common-3.1.0.jar:/home/COMPASSITES/ce1094/.m2/repository/io/rest-assured/xml-path/3.1.0/xml-path-3.1.0.jar:/home/COMPASSITES/ce1094/.m2/repository/javax/xml/bind/jaxb-api/2.2.12/jaxb-api-2.2.12.jar:/home/COMPASSITES/ce1094/.m2/repository/io/rest-assured/json-schema-validator/3.1.0/json-schema-validator-3.1.0.jar:/home/COMPASSITES/ce1094/.m2/repository/com/github/fge/json-schema-validator/2.2.6/json-schema-validator-2.2.6.jar:/home/COMPASSITES/ce1094/.m2/repository/joda-time/joda-time/2.3/joda-time-2.3.jar:/home/COMPASSITES/ce1094/.m2/repository/com/googlecode/libphonenumber/libphonenumber/6.2/libphonenumber-6.2.jar:/home/COMPASSITES/ce1094/.m2/repository/com/github/fge/json-schema-core/1.2.5/json-schema-core-1.2.5.jar:/home/COMPASSITES/ce1094/.m2/repository/com/github/fge/uri-template/0.9/uri-template-0.9.jar:/home/COMPASSITES/ce1094/.m2/repository/com/github/fge/msg-simple/1.1/msg-simple-1.1.jar:/home/COMPASSITES/ce1094/.m2/repository/com/github/fge/btf/1.2/btf-1.2.jar:/home/COMPASSITES/ce1094/.m2/repository/com/github/fge/jackson-coreutils/1.8/jackson-coreutils-1.8.jar:/home/COMPASSITES/ce1094/.m2/repository/org/mozilla/rhino/1.7R4/rhino-1.7R4.jar:/home/COMPASSITES/ce1094/.m2/repository/javax/mail/mailapi/1.4.3/mailapi-1.4.3.jar:/home/COMPASSITES/ce1094/.m2/repository/javax/activation/activation/1.1/activation-1.1.jar:/home/COMPASSITES/ce1094/.m2/repository/net/sf/jopt-simple/jopt-simple/4.6/jopt-simple-4.6.jar:/home/COMPASSITES/ce1094/.m2/repository/org/apache/poi/poi/3.16/poi-3.16.jar:/home/COMPASSITES/ce1094/.m2/repository/commons-codec/commons-codec/1.10/commons-codec-1.10.jar:/home/COMPASSITES/ce1094/.m2/repository/org/apache/commons/commons-collections4/4.1/commons-collections4-4.1.jar:/home/COMPASSITES/ce1094/.m2/repository/org/apache/poi/poi-ooxml/3.16/poi-ooxml-3.16.jar:/home/COMPASSITES/ce1094/.m2/repository/org/apache/poi/poi-ooxml-schemas/3.16/poi-ooxml-schemas-3.16.jar:/home/COMPASSITES/ce1094/.m2/repository/org/apache/xmlbeans/xmlbeans/2.6.0/xmlbeans-2.6.0.jar:/home/COMPASSITES/ce1094/.m2/repository/stax/stax-api/1.0.1/stax-api-1.0.1.jar:/home/COMPASSITES/ce1094/.m2/repository/com/github/virtuald/curvesapi/1.04/curvesapi-1.04.jar:/home/COMPASSITES/ce1094/.m2/repository/com/fasterxml/jackson/core/jackson-databind/2.10.0/jackson-databind-2.10.0.jar:/home/COMPASSITES/ce1094/.m2/repository/com/fasterxml/jackson/core/jackson-annotations/2.10.0/jackson-annotations-2.10.0.jar:/home/COMPASSITES/ce1094/.m2/repository/com/fasterxml/jackson/core/jackson-core/2.10.0/jackson-core-2.10.0.jar:/home/COMPASSITES/ce1094/.m2/repository/com/aventstack/extentreports/3.1.5/extentreports-3.1.5.jar:/home/COMPASSITES/ce1094/.m2/repository/org/freemarker/freemarker/2.3.23/freemarker-2.3.23.jar:/home/COMPASSITES/ce1094/.m2/repository/org/mongodb/mongodb-driver/3.3.0/mongodb-driver-3.3.0.jar:/home/COMPASSITES/ce1094/.m2/repository/org/mongodb/bson/3.3.0/bson-3.3.0.jar:/home/COMPASSITES/ce1094/.m2/repository/org/mongodb/mongodb-driver-core/3.3.0/mongodb-driver-core-3.3.0.jar:/home/COMPASSITES/ce1094/.m2/repository/com/google/inject/extensions/guice-assistedinject/4.2.0/guice-assistedinject-4.2.0.jar:/home/COMPASSITES/ce1094/.m2/repository/com/google/inject/guice/4.2.0/guice-4.2.0.jar:/home/COMPASSITES/ce1094/.m2/repository/javax/inject/javax.inject/1/javax.inject-1.jar:/home/COMPASSITES/ce1094/.m2/repository/aopalliance/aopalliance/1.0/aopalliance-1.0.jar:/home/COMPASSITES/ce1094/.m2/repository/mysql/mysql-connector-java/8.0.15/mysql-connector-java-8.0.15.jar:/home/COMPASSITES/ce1094/.m2/repository/com/google/protobuf/protobuf-java/3.6.1/protobuf-java-3.6.1.jar:"/>
    <property name="sun.cpu.endian" value="little"/>
    <property name="user.home" value="/home/COMPASSITES/ce1094"/>
    <property name="user.language" value="en"/>
    <property name="java.specification.vendor" value="Oracle Corporation"/>
    <property name="java.home" value="/usr/lib/jvm/java-8-openjdk-amd64/jre"/>
    <property name="basedir" value="/home/COMPASSITES/ce1094/eclipse-workspace/TestWebsite"/>
    <property name="file.separator" value="/"/>
    <property name="line.separator" value="&#10;"/>
    <property name="java.vm.specification.vendor" value="Oracle Corporation"/>
    <property name="java.specification.name" value="Java Platform API Specification"/>
    <property name="java.awt.graphicsenv" value="sun.awt.X11GraphicsEnvironment"/>
    <property name="surefire.real.class.path" value="/home/COMPASSITES/ce1094/eclipse-workspace/TestWebsite/target/surefire/surefirebooter4641687711152186358.jar"/>
    <property name="sun.boot.class.path" value="/usr/lib/jvm/java-8-openjdk-amd64/jre/lib/resources.jar:/usr/lib/jvm/java-8-openjdk-amd64/jre/lib/rt.jar:/usr/lib/jvm/java-8-openjdk-amd64/jre/lib/sunrsasign.jar:/usr/lib/jvm/java-8-openjdk-amd64/jre/lib/jsse.jar:/usr/lib/jvm/java-8-openjdk-amd64/jre/lib/jce.jar:/usr/lib/jvm/java-8-openjdk-amd64/jre/lib/charsets.jar:/usr/lib/jvm/java-8-openjdk-amd64/jre/lib/jfr.jar:/usr/lib/jvm/java-8-openjdk-amd64/jre/classes"/>
    <property name="sun.management.compiler" value="HotSpot 64-Bit Tiered Compilers"/>
    <property name="java.runtime.version" value="1.8.0_252-8u252-b09-1~16.04-b09"/>
    <property name="user.name" value="ce1094"/>
    <property name="path.separator" value=":"/>
    <property name="os.version" value="4.15.0-88-generic"/>
    <property name="java.endorsed.dirs" value="/usr/lib/jvm/java-8-openjdk-amd64/jre/lib/endorsed"/>
    <property name="java.runtime.name" value="OpenJDK Runtime Environment"/>
    <property name="file.encoding" value="UTF-8"/>
    <property name="java.vm.name" value="OpenJDK 64-Bit Server VM"/>
    <property name="localRepository" value="/home/COMPASSITES/ce1094/.m2/repository"/>
    <property name="java.vendor.url.bug" value="http://bugreport.sun.com/bugreport/"/>
    <property name="java.io.tmpdir" value="/tmp"/>
    <property name="java.version" value="1.8.0_252"/>
    <property name="user.dir" value="/home/COMPASSITES/ce1094/eclipse-workspace/TestWebsite"/>
    <property name="os.arch" value="amd64"/>
    <property name="java.vm.specification.name" value="Java Virtual Machine Specification"/>
    <property name="java.awt.printerjob" value="sun.print.PSPrinterJob"/>
    <property name="sun.os.patch.level" value="unknown"/>
    <property name="java.library.path" value="/usr/java/packages/lib/amd64:/usr/lib/x86_64-linux-gnu/jni:/lib/x86_64-linux-gnu:/usr/lib/x86_64-linux-gnu:/usr/lib/jni:/lib:/usr/lib"/>
    <property name="java.vm.info" value="mixed mode"/>
    <property name="java.vendor" value="Private Build"/>
    <property name="java.vm.version" value="25.252-b09"/>
    <property name="java.ext.dirs" value="/usr/lib/jvm/java-8-openjdk-amd64/jre/lib/ext:/usr/java/packages/lib/ext"/>
    <property name="sun.io.unicode.encoding" value="UnicodeLittle"/>
    <property name="java.class.version" value="52.0"/>
  </properties>
  <testcase name="verifyHomePage" classname="website.tests.HomeTest" time="0.009"/>
  <testcase name="verifyLabels" classname="website.tests.HomeTest" time="0.362"/>
  <testcase name="verifyProducts" classname="website.tests.HomeTest" time="0.335"/>
  <testcase name="verifyPartsAndAccessories" classname="website.tests.HomeTest" time="0.361"/>
  <testcase name="verifySearchFunction" classname="website.tests.SearchTest" time="8.384"/>
  <testcase name="verifySearchFunction" classname="website.tests.SearchTest" time="6.846"/>
  <testcase name="addItemToCart" classname="website.tests.AddToCartTest" time="0.082">
    <failure message="unknown error: Element &lt;li class=&quot;header--full-height header__dropdown header__products js-nav-link&quot; data-header-link-label=&quot;Products&quot;&gt;...&lt;/li&gt; is not clickable at point (231, 37). Other element would receive the click: &lt;div class=&quot;dialog__overlay&quot; tabindex=&quot;-1&quot;&gt;&lt;/div&gt;&#10;  (Session info: chrome=66.0.3359.117)&#10;  (Driver info: chromedriver=2.40.565383 (76257d1ab79276b2d53ee976b2c3e3b9f335cde7),platform=Linux 4.15.0-88-generic x86_64) (WARNING: The server did not provide any stacktrace information)&#10;Command duration or timeout: 0 milliseconds&#10;Build info: version: &apos;3.141.59&apos;, revision: &apos;e82be7d358&apos;, time: &apos;2018-11-14T08:17:03&apos;&#10;System info: host: &apos;ce-1094&apos;, ip: &apos;127.0.1.1&apos;, os.name: &apos;Linux&apos;, os.arch: &apos;amd64&apos;, os.version: &apos;4.15.0-88-generic&apos;, java.version: &apos;1.8.0_252&apos;&#10;Driver info: org.openqa.selenium.chrome.ChromeDriver&#10;Capabilities {acceptInsecureCerts: false, acceptSslCerts: false, applicationCacheEnabled: false, browserConnectionEnabled: false, browserName: chrome, chrome: {chromedriverVersion: 2.40.565383 (76257d1ab79276..., userDataDir: /tmp/.org.chromium.Chromium...}, cssSelectorsEnabled: true, databaseEnabled: false, handlesAlerts: true, hasTouchScreen: false, javascriptEnabled: true, locationContextEnabled: true, mobileEmulationEnabled: false, nativeEvents: true, networkConnectionEnabled: false, pageLoadStrategy: normal, platform: LINUX, platformName: LINUX, rotatable: false, setWindowRect: true, takesHeapSnapshot: true, takesScreenshot: true, unexpectedAlertBehaviour: , unhandledPromptBehavior: , version: 66.0.3359.117, webStorageEnabled: true}&#10;Session ID: 319c33bd42224c0f2393ab79d9b41cc4" type="org.openqa.selenium.WebDriverException"><![CDATA[org.openqa.selenium.WebDriverException: 
unknown error: Element <li class="header--full-height header__dropdown header__products js-nav-link" data-header-link-label="Products">...</li> is not clickable at point (231, 37). Other element would receive the click: <div class="dialog__overlay" tabindex="-1"></div>
  (Session info: chrome=66.0.3359.117)
  (Driver info: chromedriver=2.40.565383 (76257d1ab79276b2d53ee976b2c3e3b9f335cde7),platform=Linux 4.15.0-88-generic x86_64) (WARNING: The server did not provide any stacktrace information)
Command duration or timeout: 0 milliseconds
Build info: version: '3.141.59', revision: 'e82be7d358', time: '2018-11-14T08:17:03'
System info: host: 'ce-1094', ip: '127.0.1.1', os.name: 'Linux', os.arch: 'amd64', os.version: '4.15.0-88-generic', java.version: '1.8.0_252'
Driver info: org.openqa.selenium.chrome.ChromeDriver
Capabilities {acceptInsecureCerts: false, acceptSslCerts: false, applicationCacheEnabled: false, browserConnectionEnabled: false, browserName: chrome, chrome: {chromedriverVersion: 2.40.565383 (76257d1ab79276..., userDataDir: /tmp/.org.chromium.Chromium...}, cssSelectorsEnabled: true, databaseEnabled: false, handlesAlerts: true, hasTouchScreen: false, javascriptEnabled: true, locationContextEnabled: true, mobileEmulationEnabled: false, nativeEvents: true, networkConnectionEnabled: false, pageLoadStrategy: normal, platform: LINUX, platformName: LINUX, rotatable: false, setWindowRect: true, takesHeapSnapshot: true, takesScreenshot: true, unexpectedAlertBehaviour: , unhandledPromptBehavior: , version: 66.0.3359.117, webStorageEnabled: true}
Session ID: 319c33bd42224c0f2393ab79d9b41cc4
	at website.tests.AddToCartTest.addItemToCart(AddToCartTest.java:22)
]]></failure>
  </testcase>
  <testcase name="completeTillPayment" classname="website.tests.AddToCartTest" time="63.802"/>
  <testcase name="removeTheItemFromCart" classname="website.tests.AddToCartTest" time="180.142">
    <failure message="no such element: Unable to locate element: {&quot;method&quot;:&quot;css selector&quot;,&quot;selector&quot;:&quot;button[class$=&apos;remove&apos;]&quot;}&#10;  (Session info: chrome=66.0.3359.117)&#10;  (Driver info: chromedriver=2.40.565383 (76257d1ab79276b2d53ee976b2c3e3b9f335cde7),platform=Linux 4.15.0-88-generic x86_64) (WARNING: The server did not provide any stacktrace information)&#10;Command duration or timeout: 0 milliseconds&#10;For documentation on this error, please visit: https://www.seleniumhq.org/exceptions/no_such_element.html&#10;Build info: version: &apos;3.141.59&apos;, revision: &apos;e82be7d358&apos;, time: &apos;2018-11-14T08:17:03&apos;&#10;System info: host: &apos;ce-1094&apos;, ip: &apos;127.0.1.1&apos;, os.name: &apos;Linux&apos;, os.arch: &apos;amd64&apos;, os.version: &apos;4.15.0-88-generic&apos;, java.version: &apos;1.8.0_252&apos;&#10;Driver info: org.openqa.selenium.chrome.ChromeDriver&#10;Capabilities {acceptInsecureCerts: false, acceptSslCerts: false, applicationCacheEnabled: false, browserConnectionEnabled: false, browserName: chrome, chrome: {chromedriverVersion: 2.40.565383 (76257d1ab79276..., userDataDir: /tmp/.org.chromium.Chromium...}, cssSelectorsEnabled: true, databaseEnabled: false, handlesAlerts: true, hasTouchScreen: false, javascriptEnabled: true, locationContextEnabled: true, mobileEmulationEnabled: false, nativeEvents: true, networkConnectionEnabled: false, pageLoadStrategy: normal, platform: LINUX, platformName: LINUX, rotatable: false, setWindowRect: true, takesHeapSnapshot: true, takesScreenshot: true, unexpectedAlertBehaviour: , unhandledPromptBehavior: , version: 66.0.3359.117, webStorageEnabled: true}&#10;Session ID: 319c33bd42224c0f2393ab79d9b41cc4&#10;*** Element info: {Using=css selector, value=button[class$=&apos;remove&apos;]}" type="org.openqa.selenium.NoSuchElementException"><![CDATA[org.openqa.selenium.NoSuchElementException: 
no such element: Unable to locate element: {"method":"css selector","selector":"button[class$='remove']"}
  (Session info: chrome=66.0.3359.117)
  (Driver info: chromedriver=2.40.565383 (76257d1ab79276b2d53ee976b2c3e3b9f335cde7),platform=Linux 4.15.0-88-generic x86_64) (WARNING: The server did not provide any stacktrace information)
Command duration or timeout: 0 milliseconds
For documentation on this error, please visit: https://www.seleniumhq.org/exceptions/no_such_element.html
Build info: version: '3.141.59', revision: 'e82be7d358', time: '2018-11-14T08:17:03'
System info: host: 'ce-1094', ip: '127.0.1.1', os.name: 'Linux', os.arch: 'amd64', os.version: '4.15.0-88-generic', java.version: '1.8.0_252'
Driver info: org.openqa.selenium.chrome.ChromeDriver
Capabilities {acceptInsecureCerts: false, acceptSslCerts: false, applicationCacheEnabled: false, browserConnectionEnabled: false, browserName: chrome, chrome: {chromedriverVersion: 2.40.565383 (76257d1ab79276..., userDataDir: /tmp/.org.chromium.Chromium...}, cssSelectorsEnabled: true, databaseEnabled: false, handlesAlerts: true, hasTouchScreen: false, javascriptEnabled: true, locationContextEnabled: true, mobileEmulationEnabled: false, nativeEvents: true, networkConnectionEnabled: false, pageLoadStrategy: normal, platform: LINUX, platformName: LINUX, rotatable: false, setWindowRect: true, takesHeapSnapshot: true, takesScreenshot: true, unexpectedAlertBehaviour: , unhandledPromptBehavior: , version: 66.0.3359.117, webStorageEnabled: true}
Session ID: 319c33bd42224c0f2393ab79d9b41cc4
*** Element info: {Using=css selector, value=button[class$='remove']}
	at website.tests.AddToCartTest.removeTheItemFromCart(AddToCartTest.java:41)
]]></failure>
    <system-out><![CDATA[Exception>>Expected condition failed: waiting for element to be clickable: Proxy element for: DefaultElementLocator 'By.cssSelector: button[class$='remove']' (tried for 20 second(s) with 500 milliseconds interval)
]]></system-out>
  </testcase>
</testsuite>