<?xml version="1.0" encoding="UTF-8"?>
<!-- Generated by org.testng.reporters.JUnitReportReporter -->
<testsuite skipped="0" hostname="ce-1094" name="website.tests.SearchTest" tests="2" failures="0" timestamp="2020-05-06T13:17:43 IST" time="14.340" errors="0">
  <testcase name="verifySearchFunction" time="7.298" classname="website.tests.SearchTest"/>
  <system-out/>
  <testcase name="verifySearchFunction" time="7.042" classname="website.tests.SearchTest"/>
  <system-out/>
</testsuite> <!-- website.tests.SearchTest -->
