<?xml version="1.0" encoding="UTF-8"?>
<!-- Generated by org.testng.reporters.JUnitReportReporter -->
<testsuite skipped="0" hostname="ce-1094" name="website.tests.HomeTest" tests="4" failures="0" timestamp="2020-05-06T18:18:29 IST" time="1.435" errors="0">
  <testcase name="verifyHomePage" time="0.256" classname="website.tests.HomeTest"/>
  <system-out/>
  <testcase name="verifyLabels" time="0.372" classname="website.tests.HomeTest"/>
  <system-out/>
  <testcase name="verifyProducts" time="0.429" classname="website.tests.HomeTest"/>
  <system-out/>
  <testcase name="verifyPartsAndAccessories" time="0.378" classname="website.tests.HomeTest"/>
  <system-out/>
</testsuite> <!-- website.tests.HomeTest -->
