<?xml version="1.0" encoding="UTF-8"?>
<!-- Generated by org.testng.reporters.JUnitReportReporter -->
<testsuite skipped="0" hostname="ce-1094" name="website.tests.AddToCartTest" tests="2" failures="0" timestamp="2020-05-06T13:17:43 IST" time="31.906" errors="0">
  <testcase name="addItemToCart" time="26.470" classname="website.tests.AddToCartTest"/>
  <system-out/>
  <testcase name="removeTheItemFromCart" time="5.436" classname="website.tests.AddToCartTest"/>
  <system-out/>
</testsuite> <!-- website.tests.AddToCartTest -->
