<?xml version="1.0" encoding="UTF-8"?>
<!-- Generated by org.testng.reporters.JUnitReportReporter -->
<testsuite skipped="0" hostname="ce-1094" name="website.tests.AddToCartTest" tests="3" failures="0" timestamp="2020-05-06T18:18:29 IST" time="100.250" errors="0">
  <testcase name="addItemToCart" time="30.330" classname="website.tests.AddToCartTest"/>
  <system-out/>
  <testcase name="removeTheItemFromCart" time="5.444" classname="website.tests.AddToCartTest"/>
  <system-out/>
  <testcase name="completeTillPayment" time="64.476" classname="website.tests.AddToCartTest"/>
  <system-out/>
</testsuite> <!-- website.tests.AddToCartTest -->
