<?xml version="1.0" encoding="UTF-8"?>
<!-- Generated by org.testng.reporters.JUnitReportReporter -->
<testsuite skipped="0" hostname="ce-1094" name="website.tests.SearchTest" tests="2" failures="0" timestamp="2020-05-06T18:18:29 IST" time="13.558" errors="0">
  <testcase name="verifySearchFunction" time="6.885" classname="website.tests.SearchTest"/>
  <system-out/>
  <testcase name="verifySearchFunction" time="6.673" classname="website.tests.SearchTest"/>
  <system-out/>
</testsuite> <!-- website.tests.SearchTest -->
