<?xml version="1.0" encoding="UTF-8"?>
<!-- Generated by org.testng.reporters.JUnitReportReporter -->
<testsuite skipped="0" hostname="ce-1094" name="website.tests.HomeTest" tests="4" failures="0" timestamp="2020-05-07T12:50:33 IST" time="1.694" errors="0">
  <testcase name="verifyHomePage" time="0.051" classname="website.tests.HomeTest"/>
  <system-out/>
  <testcase name="verifyLabels" time="0.369" classname="website.tests.HomeTest"/>
  <system-out/>
  <testcase name="verifyProducts" time="0.573" classname="website.tests.HomeTest"/>
  <system-out/>
  <testcase name="verifyPartsAndAccessories" time="0.701" classname="website.tests.HomeTest"/>
  <system-out/>
</testsuite> <!-- website.tests.HomeTest -->
