<?xml version="1.0" encoding="UTF-8"?>
<!-- Generated by org.testng.reporters.JUnitReportReporter -->
<testsuite skipped="0" hostname="ce-1094" name="website.tests.HomeTest" tests="4" failures="0" timestamp="2020-05-06T13:17:43 IST" time="1.560" errors="0">
  <testcase name="verifyHomePage" time="0.044" classname="website.tests.HomeTest"/>
  <system-out/>
  <testcase name="verifyLabels" time="0.542" classname="website.tests.HomeTest"/>
  <system-out/>
  <testcase name="verifyProducts" time="0.400" classname="website.tests.HomeTest"/>
  <system-out/>
  <testcase name="verifyPartsAndAccessories" time="0.574" classname="website.tests.HomeTest"/>
  <system-out/>
</testsuite> <!-- website.tests.HomeTest -->
