<?xml version="1.0" encoding="UTF-8"?>
<!-- Generated by org.testng.reporters.JUnitReportReporter -->
<testsuite skipped="0" hostname="ce-1094" name="website.tests.HomeTest" tests="4" failures="0" timestamp="2020-05-07T12:44:02 IST" time="1.399" errors="0">
  <testcase name="verifyHomePage" time="0.234" classname="website.tests.HomeTest"/>
  <testcase name="verifyLabels" time="0.396" classname="website.tests.HomeTest"/>
  <testcase name="verifyProducts" time="0.374" classname="website.tests.HomeTest"/>
  <testcase name="verifyPartsAndAccessories" time="0.395" classname="website.tests.HomeTest"/>
</testsuite> <!-- website.tests.HomeTest -->
