<?xml version="1.0" encoding="UTF-8"?>
<!-- Generated by org.testng.reporters.JUnitReportReporter -->
<testsuite skipped="0" hostname="ce-1094" name="website.tests.SearchTest" tests="2" failures="0" timestamp="2020-05-07T12:44:02 IST" time="15.301" errors="0">
  <testcase name="verifySearchFunction" time="8.415" classname="website.tests.SearchTest"/>
  <testcase name="verifySearchFunction" time="6.886" classname="website.tests.SearchTest"/>
</testsuite> <!-- website.tests.SearchTest -->
