<?xml version="1.0" encoding="UTF-8"?>
<!-- Generated by org.testng.reporters.JUnitReportReporter -->
<testsuite skipped="0" hostname="ce-1094" name="website.tests.HomeTest" tests="4" failures="0" timestamp="2020-05-06T13:15:35 IST" time="1.434" errors="0">
  <testcase name="verifyHomePage" time="0.043" classname="website.tests.HomeTest"/>
  <testcase name="verifyLabels" time="0.380" classname="website.tests.HomeTest"/>
  <testcase name="verifyProducts" time="0.389" classname="website.tests.HomeTest"/>
  <testcase name="verifyPartsAndAccessories" time="0.622" classname="website.tests.HomeTest"/>
</testsuite> <!-- website.tests.HomeTest -->
