<?xml version="1.0" encoding="UTF-8"?>
<!-- Generated by org.testng.reporters.JUnitReportReporter -->
<testsuite skipped="0" hostname="ce-1094" name="website.tests.SearchTest" tests="2" failures="0" timestamp="2020-05-06T13:15:35 IST" time="26.658" errors="0">
  <testcase name="verifySearchFunction" time="8.832" classname="website.tests.SearchTest"/>
  <testcase name="verifySearchFunction" time="17.826" classname="website.tests.SearchTest"/>
</testsuite> <!-- website.tests.SearchTest -->
